# JRE version: Java(TM) SE Runtime Environment (21.0.6+8) (build 21.0.6+8-LTS-188)
# Java VM: Java HotSpot(TM) 64-Bit Server VM (21.0.6+8-LTS-188, mixed mode, sharing, tiered, compressed oops, compressed class ptrs, g1 gc, windows-amd64)
GC Precious Log:
 CardTable entry size: 512
 Card Set container configuration: InlinePtr #cards 4 size 8 Array Of Cards #cards 32 size 80 Howl #buckets 8 coarsen threshold 7372 Howl Bitmap #cards 1024 size 144 coarsen threshold 921 Card regions per heap region 1 cards per card region 8192
 CPUs: 4 total, 4 available
 Memory: 20355M
 Large Page Support: Disabled
 NUMA Support: Disabled
 Compressed Oops: Enabled (Zero based)
 Heap Region Size: 4M
 Heap Min Capacity: 8M
 Heap Initial Capacity: 320M
 Heap Max Capacity: 5092M
 Pre-touch: Disabled
 Parallel Workers: 4
 Concurrent Workers: 1
 Concurrent Refinement Workers: 4
 Periodic GC: Disabled
Heap:
 garbage-first heap   total 69632K, used 44750K [0x00000006c1c00000, 0x0000000800000000)
  region size 4096K, 4 young (16384K), 1 survivors (4096K)
 Metaspace       used 71827K, committed 72640K, reserved 1114112K
  class space    used 9594K, committed 9984K, reserved 1048576K
GC Heap History (20 events):
Event: 3.291 GC heap after
{Heap after GC invocations=4 (full 0):
 garbage-first heap   total 327680K, used 13389K [0x00000006c1c00000, 0x0000000800000000)
  region size 4096K, 2 young (8192K), 2 survivors (8192K)
 Metaspace       used 21157K, committed 21504K, reserved 1114112K
  class space    used 2671K, committed 2816K, reserved 1048576K
}
Event: 4.716 GC heap before
{Heap before GC invocations=5 (full 0):
 garbage-first heap   total 69632K, used 46157K [0x00000006c1c00000, 0x0000000800000000)
  region size 4096K, 10 young (40960K), 2 survivors (8192K)
 Metaspace       used 25854K, committed 26240K, reserved 1114112K
  class space    used 3277K, committed 3456K, reserved 1048576K
}
Event: 4.731 GC heap after
{Heap after GC invocations=6 (full 0):
 garbage-first heap   total 69632K, used 15766K [0x00000006c1c00000, 0x0000000800000000)
  region size 4096K, 2 young (8192K), 2 survivors (8192K)
 Metaspace       used 25854K, committed 26240K, reserved 1114112K
  class space    used 3277K, committed 3456K, reserved 1048576K
}
Event: 5.941 GC heap before
{Heap before GC invocations=6 (full 0):
 garbage-first heap   total 69632K, used 44438K [0x00000006c1c00000, 0x0000000800000000)
  region size 4096K, 9 young (36864K), 2 survivors (8192K)
 Metaspace       used 31312K, committed 31808K, reserved 1114112K
  class space    used 4003K, committed 4224K, reserved 1048576K
}
Event: 5.954 GC heap after
{Heap after GC invocations=7 (full 0):
 garbage-first heap   total 69632K, used 18948K [0x00000006c1c00000, 0x0000000800000000)
  region size 4096K, 2 young (8192K), 2 survivors (8192K)
 Metaspace       used 31312K, committed 31808K, reserved 1114112K
  class space    used 4003K, committed 4224K, reserved 1048576K
}
Event: 6.698 GC heap before
{Heap before GC invocations=7 (full 0):
 garbage-first heap   total 69632K, used 35332K [0x00000006c1c00000, 0x0000000800000000)
  region size 4096K, 7 young (28672K), 2 survivors (8192K)
 Metaspace       used 35453K, committed 35968K, reserved 1114112K
  class space    used 4527K, committed 4800K, reserved 1048576K
}
Event: 6.709 GC heap after
{Heap after GC invocations=8 (full 0):
 garbage-first heap   total 69632K, used 21121K [0x00000006c1c00000, 0x0000000800000000)
  region size 4096K, 2 young (8192K), 2 survivors (8192K)
 Metaspace       used 35453K, committed 35968K, reserved 1114112K
  class space    used 4527K, committed 4800K, reserved 1048576K
}
Event: 8.578 GC heap before
{Heap before GC invocations=9 (full 0):
 garbage-first heap   total 69632K, used 49793K [0x00000006c1c00000, 0x0000000800000000)
  region size 4096K, 9 young (36864K), 2 survivors (8192K)
 Metaspace       used 45829K, committed 46528K, reserved 1114112K
  class space    used 5780K, committed 6080K, reserved 1048576K
}
Event: 8.593 GC heap after
{Heap after GC invocations=10 (full 0):
 garbage-first heap   total 69632K, used 24405K [0x00000006c1c00000, 0x0000000800000000)
  region size 4096K, 2 young (8192K), 2 survivors (8192K)
 Metaspace       used 45829K, committed 46528K, reserved 1114112K
  class space    used 5780K, committed 6080K, reserved 1048576K
}
Event: 9.797 GC heap before
{Heap before GC invocations=10 (full 0):
 garbage-first heap   total 69632K, used 53077K [0x00000006c1c00000, 0x0000000800000000)
  region size 4096K, 9 young (36864K), 2 survivors (8192K)
 Metaspace       used 53490K, committed 54144K, reserved 1114112K
  class space    used 6970K, committed 7296K, reserved 1048576K
}
Event: 9.807 GC heap after
{Heap after GC invocations=11 (full 0):
 garbage-first heap   total 69632K, used 25616K [0x00000006c1c00000, 0x0000000800000000)
  region size 4096K, 2 young (8192K), 2 survivors (8192K)
 Metaspace       used 53490K, committed 54144K, reserved 1114112K
  class space    used 6970K, committed 7296K, reserved 1048576K
}
Event: 10.511 GC heap before
{Heap before GC invocations=11 (full 0):
 garbage-first heap   total 69632K, used 46096K [0x00000006c1c00000, 0x0000000800000000)
  region size 4096K, 8 young (32768K), 2 survivors (8192K)
 Metaspace       used 59729K, committed 60416K, reserved 1114112K
  class space    used 7811K, committed 8128K, reserved 1048576K
}
Event: 10.519 GC heap after
{Heap after GC invocations=12 (full 0):
 garbage-first heap   total 69632K, used 26857K [0x00000006c1c00000, 0x0000000800000000)
  region size 4096K, 1 young (4096K), 1 survivors (4096K)
 Metaspace       used 59729K, committed 60416K, reserved 1114112K
  class space    used 7811K, committed 8128K, reserved 1048576K
}
Event: 11.848 GC heap before
{Heap before GC invocations=13 (full 0):
 garbage-first heap   total 69632K, used 55529K [0x00000006c1c00000, 0x0000000800000000)
  region size 4096K, 8 young (32768K), 1 survivors (4096K)
 Metaspace       used 66278K, committed 67008K, reserved 1114112K
  class space    used 8860K, committed 9152K, reserved 1048576K
}
Event: 11.858 GC heap after
{Heap after GC invocations=14 (full 0):
 garbage-first heap   total 69632K, used 28887K [0x00000006c1c00000, 0x0000000800000000)
  region size 4096K, 1 young (4096K), 1 survivors (4096K)
 Metaspace       used 66278K, committed 67008K, reserved 1114112K
  class space    used 8860K, committed 9152K, reserved 1048576K
}
Event: 13.647 GC heap before
{Heap before GC invocations=14 (full 0):
 garbage-first heap   total 69632K, used 57559K [0x00000006c1c00000, 0x0000000800000000)
  region size 4096K, 8 young (32768K), 1 survivors (4096K)
 Metaspace       used 70909K, committed 71744K, reserved 1114112K
  class space    used 9502K, committed 9920K, reserved 1048576K
}
Event: 13.657 GC heap after
{Heap after GC invocations=15 (full 0):
 garbage-first heap   total 69632K, used 32032K [0x00000006c1c00000, 0x0000000800000000)
  region size 4096K, 1 young (4096K), 1 survivors (4096K)
 Metaspace       used 70909K, committed 71744K, reserved 1114112K
  class space    used 9502K, committed 9920K, reserved 1048576K
}
Event: 6034.205 GC heap before
{Heap before GC invocations=15 (full 0):
 garbage-first heap   total 69632K, used 60704K [0x00000006c1c00000, 0x0000000800000000)
  region size 4096K, 8 young (32768K), 1 survivors (4096K)
 Metaspace       used 71686K, committed 72512K, reserved 1114112K
  class space    used 9574K, committed 9920K, reserved 1048576K
}
Event: 6034.216 GC heap after
{Heap after GC invocations=16 (full 0):
 garbage-first heap   total 69632K, used 33287K [0x00000006c1c00000, 0x0000000800000000)
  region size 4096K, 1 young (4096K), 1 survivors (4096K)
 Metaspace       used 71686K, committed 72512K, reserved 1114112K
  class space    used 9574K, committed 9920K, reserved 1048576K
}
Event: 6458.237 GC heap before
{Heap before GC invocations=16 (full 0):
 garbage-first heap   total 69632K, used 41479K [0x00000006c1c00000, 0x0000000800000000)
  region size 4096K, 4 young (16384K), 1 survivors (4096K)
 Metaspace       used 71827K, committed 72640K, reserved 1114112K
  class space    used 9594K, committed 9984K, reserved 1048576K
}

