# JRE version: Java(TM) SE Runtime Environment (21.0.6+8) (build 21.0.6+8-LTS-188)
# Java VM: Java HotSpot(TM) 64-Bit Server VM (21.0.6+8-LTS-188, mixed mode, sharing, tiered, compressed oops, compressed class ptrs, g1 gc, windows-amd64)
GC Precious Log:
 CardTable entry size: 512
 Card Set container configuration: InlinePtr #cards 4 size 8 Array Of Cards #cards 32 size 80 Howl #buckets 8 coarsen threshold 7372 Howl Bitmap #cards 1024 size 144 coarsen threshold 921 Card regions per heap region 1 cards per card region 8192
 CPUs: 4 total, 4 available
 Memory: 20355M
 Large Page Support: Disabled
 NUMA Support: Disabled
 Compressed Oops: Enabled (Zero based)
 Heap Region Size: 4M
 Heap Min Capacity: 8M
 Heap Initial Capacity: 320M
 Heap Max Capacity: 5092M
 Pre-touch: Disabled
 Parallel Workers: 4
 Concurrent Workers: 1
 Concurrent Refinement Workers: 4
 Periodic GC: Disabled
Heap:
 garbage-first heap   total 69632K, used 45726K [0x00000006c1c00000, 0x0000000800000000)
  region size 4096K, 5 young (20480K), 0 survivors (0K)
 Metaspace       used 83705K, committed 84672K, reserved 1179648K
  class space    used 10559K, committed 11008K, reserved 1048576K
GC Heap History (20 events):
Event: 1248.012 GC heap before
{Heap before GC invocations=39 (full 7):
 garbage-first heap   total 69632K, used 42989K [0x00000006c1c00000, 0x0000000800000000)
  region size 4096K, 4 young (16384K), 1 survivors (4096K)
 Metaspace       used 82120K, committed 83008K, reserved 1179648K
  class space    used 10488K, committed 10880K, reserved 1048576K
}
Event: 1248.241 GC heap after
{Heap after GC invocations=40 (full 8):
 garbage-first heap   total 69632K, used 28704K [0x00000006c1c00000, 0x0000000800000000)
  region size 4096K, 0 young (0K), 0 survivors (0K)
 Metaspace       used 82114K, committed 83008K, reserved 1179648K
  class space    used 10487K, committed 10880K, reserved 1048576K
}
Event: 1248.751 GC heap before
{Heap before GC invocations=40 (full 8):
 garbage-first heap   total 69632K, used 57376K [0x00000006c1c00000, 0x0000000800000000)
  region size 4096K, 7 young (28672K), 0 survivors (0K)
 Metaspace       used 82181K, committed 83072K, reserved 1179648K
  class space    used 10493K, committed 10880K, reserved 1048576K
}
Event: 1248.756 GC heap after
{Heap after GC invocations=41 (full 8):
 garbage-first heap   total 69632K, used 31803K [0x00000006c1c00000, 0x0000000800000000)
  region size 4096K, 1 young (4096K), 1 survivors (4096K)
 Metaspace       used 82181K, committed 83072K, reserved 1179648K
  class space    used 10493K, committed 10880K, reserved 1048576K
}
Event: 1249.494 GC heap before
{Heap before GC invocations=42 (full 8):
 garbage-first heap   total 69632K, used 56379K [0x00000006c1c00000, 0x0000000800000000)
  region size 4096K, 7 young (28672K), 1 survivors (4096K)
 Metaspace       used 82629K, committed 83520K, reserved 1179648K
  class space    used 10511K, committed 10944K, reserved 1048576K
}
Event: 1249.500 GC heap after
{Heap after GC invocations=43 (full 8):
 garbage-first heap   total 69632K, used 34379K [0x00000006c1c00000, 0x0000000800000000)
  region size 4096K, 1 young (4096K), 1 survivors (4096K)
 Metaspace       used 82629K, committed 83520K, reserved 1179648K
  class space    used 10511K, committed 10944K, reserved 1048576K
}
Event: 1338.113 GC heap before
{Heap before GC invocations=43 (full 8):
 garbage-first heap   total 69632K, used 42571K [0x00000006c1c00000, 0x0000000800000000)
  region size 4096K, 4 young (16384K), 1 survivors (4096K)
 Metaspace       used 82666K, committed 83584K, reserved 1179648K
  class space    used 10511K, committed 10944K, reserved 1048576K
}
Event: 1338.289 GC heap after
{Heap after GC invocations=44 (full 9):
 garbage-first heap   total 69632K, used 28935K [0x00000006c1c00000, 0x0000000800000000)
  region size 4096K, 0 young (0K), 0 survivors (0K)
 Metaspace       used 82656K, committed 83584K, reserved 1179648K
  class space    used 10510K, committed 10944K, reserved 1048576K
}
Event: 1339.010 GC heap before
{Heap before GC invocations=44 (full 9):
 garbage-first heap   total 69632K, used 57607K [0x00000006c1c00000, 0x0000000800000000)
  region size 4096K, 7 young (28672K), 0 survivors (0K)
 Metaspace       used 82712K, committed 83584K, reserved 1179648K
  class space    used 10514K, committed 10944K, reserved 1048576K
}
Event: 1339.015 GC heap after
{Heap after GC invocations=45 (full 9):
 garbage-first heap   total 69632K, used 32003K [0x00000006c1c00000, 0x0000000800000000)
  region size 4096K, 1 young (4096K), 1 survivors (4096K)
 Metaspace       used 82712K, committed 83584K, reserved 1179648K
  class space    used 10514K, committed 10944K, reserved 1048576K
}
Event: 1339.878 GC heap before
{Heap before GC invocations=46 (full 9):
 garbage-first heap   total 69632K, used 56579K [0x00000006c1c00000, 0x0000000800000000)
  region size 4096K, 7 young (28672K), 1 survivors (4096K)
 Metaspace       used 83092K, committed 84032K, reserved 1179648K
  class space    used 10531K, committed 10944K, reserved 1048576K
}
Event: 1339.885 GC heap after
{Heap after GC invocations=47 (full 9):
 garbage-first heap   total 69632K, used 34351K [0x00000006c1c00000, 0x0000000800000000)
  region size 4096K, 1 young (4096K), 1 survivors (4096K)
 Metaspace       used 83092K, committed 84032K, reserved 1179648K
  class space    used 10531K, committed 10944K, reserved 1048576K
}
Event: 1343.512 GC heap before
{Heap before GC invocations=47 (full 9):
 garbage-first heap   total 69632K, used 42543K [0x00000006c1c00000, 0x0000000800000000)
  region size 4096K, 4 young (16384K), 1 survivors (4096K)
 Metaspace       used 83160K, committed 84096K, reserved 1179648K
  class space    used 10533K, committed 10944K, reserved 1048576K
}
Event: 1343.738 GC heap after
{Heap after GC invocations=48 (full 10):
 garbage-first heap   total 69632K, used 29128K [0x00000006c1c00000, 0x0000000800000000)
  region size 4096K, 0 young (0K), 0 survivors (0K)
 Metaspace       used 83154K, committed 84096K, reserved 1179648K
  class space    used 10532K, committed 10944K, reserved 1048576K
}
Event: 1344.246 GC heap before
{Heap before GC invocations=48 (full 10):
 garbage-first heap   total 69632K, used 57800K [0x00000006c1c00000, 0x0000000800000000)
  region size 4096K, 7 young (28672K), 0 survivors (0K)
 Metaspace       used 83227K, committed 84160K, reserved 1179648K
  class space    used 10537K, committed 10944K, reserved 1048576K
}
Event: 1344.251 GC heap after
{Heap after GC invocations=49 (full 10):
 garbage-first heap   total 69632K, used 32211K [0x00000006c1c00000, 0x0000000800000000)
  region size 4096K, 1 young (4096K), 1 survivors (4096K)
 Metaspace       used 83227K, committed 84160K, reserved 1179648K
  class space    used 10537K, committed 10944K, reserved 1048576K
}
Event: 1345.106 GC heap before
{Heap before GC invocations=50 (full 10):
 garbage-first heap   total 69632K, used 56787K [0x00000006c1c00000, 0x0000000800000000)
  region size 4096K, 7 young (28672K), 1 survivors (4096K)
 Metaspace       used 83651K, committed 84608K, reserved 1179648K
  class space    used 10558K, committed 11008K, reserved 1048576K
}
Event: 1345.113 GC heap after
{Heap after GC invocations=51 (full 10):
 garbage-first heap   total 69632K, used 34638K [0x00000006c1c00000, 0x0000000800000000)
  region size 4096K, 1 young (4096K), 1 survivors (4096K)
 Metaspace       used 83651K, committed 84608K, reserved 1179648K
  class space    used 10558K, committed 11008K, reserved 1048576K
}
Event: 1746.365 GC heap before
{Heap before GC invocations=51 (full 10):
 garbage-first heap   total 69632K, used 51022K [0x00000006c1c00000, 0x0000000800000000)
  region size 4096K, 6 young (24576K), 1 survivors (4096K)
 Metaspace       used 83682K, committed 84672K, reserved 1179648K
  class space    used 10558K, committed 11008K, reserved 1048576K
}
Event: 1746.625 GC heap after
{Heap after GC invocations=52 (full 11):
 garbage-first heap   total 69632K, used 29342K [0x00000006c1c00000, 0x0000000800000000)
  region size 4096K, 0 young (0K), 0 survivors (0K)
 Metaspace       used 83672K, committed 84672K, reserved 1179648K
  class space    used 10557K, committed 11008K, reserved 1048576K
}

