# JRE version: Java(TM) SE Runtime Environment (21.0.6+8) (build 21.0.6+8-LTS-188)
# Java VM: Java HotSpot(TM) 64-Bit Server VM (21.0.6+8-LTS-188, mixed mode, sharing, tiered, compressed oops, compressed class ptrs, g1 gc, windows-amd64)
GC Precious Log:
 CardTable entry size: 512
 Card Set container configuration: InlinePtr #cards 4 size 8 Array Of Cards #cards 32 size 80 Howl #buckets 8 coarsen threshold 7372 Howl Bitmap #cards 1024 size 144 coarsen threshold 921 Card regions per heap region 1 cards per card region 8192
 CPUs: 4 total, 4 available
 Memory: 20355M
 Large Page Support: Disabled
 NUMA Support: Disabled
 Compressed Oops: Enabled (Zero based)
 Heap Region Size: 4M
 Heap Min Capacity: 8M
 Heap Initial Capacity: 320M
 Heap Max Capacity: 5092M
 Pre-touch: Disabled
 Parallel Workers: 4
 Concurrent Workers: 1
 Concurrent Refinement Workers: 4
 Periodic GC: Disabled
Heap:
 garbage-first heap   total 69632K, used 38546K [0x00000006c1c00000, 0x0000000800000000)
  region size 4096K, 5 young (20480K), 0 survivors (0K)
 Metaspace       used 71819K, committed 72640K, reserved 1114112K
  class space    used 9604K, committed 9984K, reserved 1048576K
GC Heap History (20 events):
Event: 4.733 GC heap before
{Heap before GC invocations=3 (full 0):
 garbage-first heap   total 327680K, used 42146K [0x00000006c1c00000, 0x0000000800000000)
  region size 4096K, 11 young (45056K), 1 survivors (4096K)
 Metaspace       used 21147K, committed 21504K, reserved 1114112K
  class space    used 2665K, committed 2816K, reserved 1048576K
}
Event: 4.748 GC heap after
{Heap after GC invocations=4 (full 0):
 garbage-first heap   total 327680K, used 13016K [0x00000006c1c00000, 0x0000000800000000)
  region size 4096K, 2 young (8192K), 2 survivors (8192K)
 Metaspace       used 21147K, committed 21504K, reserved 1114112K
  class space    used 2665K, committed 2816K, reserved 1048576K
}
Event: 7.213 GC heap before
{Heap before GC invocations=5 (full 0):
 garbage-first heap   total 69632K, used 45784K [0x00000006c1c00000, 0x0000000800000000)
  region size 4096K, 10 young (40960K), 2 survivors (8192K)
 Metaspace       used 25986K, committed 26368K, reserved 1114112K
  class space    used 3288K, committed 3456K, reserved 1048576K
}
Event: 7.225 GC heap after
{Heap after GC invocations=6 (full 0):
 garbage-first heap   total 69632K, used 16487K [0x00000006c1c00000, 0x0000000800000000)
  region size 4096K, 2 young (8192K), 2 survivors (8192K)
 Metaspace       used 25986K, committed 26368K, reserved 1114112K
  class space    used 3288K, committed 3456K, reserved 1048576K
}
Event: 9.382 GC heap before
{Heap before GC invocations=6 (full 0):
 garbage-first heap   total 69632K, used 41063K [0x00000006c1c00000, 0x0000000800000000)
  region size 4096K, 9 young (36864K), 2 survivors (8192K)
 Metaspace       used 31596K, committed 32192K, reserved 1114112K
  class space    used 4033K, committed 4288K, reserved 1048576K
}
Event: 9.395 GC heap after
{Heap after GC invocations=7 (full 0):
 garbage-first heap   total 69632K, used 19618K [0x00000006c1c00000, 0x0000000800000000)
  region size 4096K, 2 young (8192K), 2 survivors (8192K)
 Metaspace       used 31596K, committed 32192K, reserved 1114112K
  class space    used 4033K, committed 4288K, reserved 1048576K
}
Event: 11.440 GC heap before
{Heap before GC invocations=7 (full 0):
 garbage-first heap   total 69632K, used 31906K [0x00000006c1c00000, 0x0000000800000000)
  region size 4096K, 6 young (24576K), 2 survivors (8192K)
 Metaspace       used 35480K, committed 35968K, reserved 1114112K
  class space    used 4518K, committed 4736K, reserved 1048576K
}
Event: 11.451 GC heap after
{Heap after GC invocations=8 (full 0):
 garbage-first heap   total 69632K, used 21261K [0x00000006c1c00000, 0x0000000800000000)
  region size 4096K, 2 young (8192K), 2 survivors (8192K)
 Metaspace       used 35480K, committed 35968K, reserved 1114112K
  class space    used 4518K, committed 4736K, reserved 1048576K
}
Event: 14.952 GC heap before
{Heap before GC invocations=9 (full 0):
 garbage-first heap   total 69632K, used 49933K [0x00000006c1c00000, 0x0000000800000000)
  region size 4096K, 9 young (36864K), 2 survivors (8192K)
 Metaspace       used 45954K, committed 46656K, reserved 1114112K
  class space    used 5784K, committed 6080K, reserved 1048576K
}
Event: 14.969 GC heap after
{Heap after GC invocations=10 (full 0):
 garbage-first heap   total 69632K, used 24233K [0x00000006c1c00000, 0x0000000800000000)
  region size 4096K, 2 young (8192K), 2 survivors (8192K)
 Metaspace       used 45954K, committed 46656K, reserved 1114112K
  class space    used 5784K, committed 6080K, reserved 1048576K
}
Event: 16.648 GC heap before
{Heap before GC invocations=10 (full 0):
 garbage-first heap   total 69632K, used 52905K [0x00000006c1c00000, 0x0000000800000000)
  region size 4096K, 9 young (36864K), 2 survivors (8192K)
 Metaspace       used 53606K, committed 54272K, reserved 1114112K
  class space    used 6977K, committed 7296K, reserved 1048576K
}
Event: 16.664 GC heap after
{Heap after GC invocations=11 (full 0):
 garbage-first heap   total 69632K, used 25252K [0x00000006c1c00000, 0x0000000800000000)
  region size 4096K, 2 young (8192K), 2 survivors (8192K)
 Metaspace       used 53606K, committed 54272K, reserved 1114112K
  class space    used 6977K, committed 7296K, reserved 1048576K
}
Event: 17.730 GC heap before
{Heap before GC invocations=11 (full 0):
 garbage-first heap   total 69632K, used 45732K [0x00000006c1c00000, 0x0000000800000000)
  region size 4096K, 8 young (32768K), 2 survivors (8192K)
 Metaspace       used 59404K, committed 60096K, reserved 1114112K
  class space    used 7798K, committed 8128K, reserved 1048576K
}
Event: 17.741 GC heap after
{Heap after GC invocations=12 (full 0):
 garbage-first heap   total 69632K, used 26487K [0x00000006c1c00000, 0x0000000800000000)
  region size 4096K, 1 young (4096K), 1 survivors (4096K)
 Metaspace       used 59404K, committed 60096K, reserved 1114112K
  class space    used 7798K, committed 8128K, reserved 1048576K
}
Event: 18.920 GC heap before
{Heap before GC invocations=13 (full 0):
 garbage-first heap   total 69632K, used 55159K [0x00000006c1c00000, 0x0000000800000000)
  region size 4096K, 8 young (32768K), 1 survivors (4096K)
 Metaspace       used 66393K, committed 67136K, reserved 1114112K
  class space    used 8850K, committed 9152K, reserved 1048576K
}
Event: 18.932 GC heap after
{Heap after GC invocations=14 (full 0):
 garbage-first heap   total 69632K, used 28088K [0x00000006c1c00000, 0x0000000800000000)
  region size 4096K, 1 young (4096K), 1 survivors (4096K)
 Metaspace       used 66393K, committed 67136K, reserved 1114112K
  class space    used 8850K, committed 9152K, reserved 1048576K
}
Event: 21.787 GC heap before
{Heap before GC invocations=14 (full 0):
 garbage-first heap   total 69632K, used 56760K [0x00000006c1c00000, 0x0000000800000000)
  region size 4096K, 8 young (32768K), 1 survivors (4096K)
 Metaspace       used 70994K, committed 71808K, reserved 1114112K
  class space    used 9494K, committed 9856K, reserved 1048576K
}
Event: 21.808 GC heap after
{Heap after GC invocations=15 (full 0):
 garbage-first heap   total 69632K, used 31395K [0x00000006c1c00000, 0x0000000800000000)
  region size 4096K, 1 young (4096K), 1 survivors (4096K)
 Metaspace       used 70994K, committed 71808K, reserved 1114112K
  class space    used 9494K, committed 9856K, reserved 1048576K
}
Event: 59.116 GC heap before
{Heap before GC invocations=15 (full 0):
 garbage-first heap   total 69632K, used 35491K [0x00000006c1c00000, 0x0000000800000000)
  region size 4096K, 3 young (12288K), 1 survivors (4096K)
 Metaspace       used 71743K, committed 72576K, reserved 1114112K
  class space    used 9601K, committed 9984K, reserved 1048576K
}
Event: 59.353 GC heap after
{Heap after GC invocations=16 (full 1):
 garbage-first heap   total 69632K, used 26258K [0x00000006c1c00000, 0x0000000800000000)
  region size 4096K, 0 young (0K), 0 survivors (0K)
 Metaspace       used 71736K, committed 72576K, reserved 1114112K
  class space    used 9600K, committed 9984K, reserved 1048576K
}

