# JRE version: Java(TM) SE Runtime Environment (21.0.6+8) (build 21.0.6+8-LTS-188)
# Java VM: Java HotSpot(TM) 64-Bit Server VM (21.0.6+8-LTS-188, mixed mode, sharing, tiered, compressed oops, compressed class ptrs, g1 gc, windows-amd64)
GC Precious Log:
 CardTable entry size: 512
 Card Set container configuration: InlinePtr #cards 4 size 8 Array Of Cards #cards 32 size 80 Howl #buckets 8 coarsen threshold 7372 Howl Bitmap #cards 1024 size 144 coarsen threshold 921 Card regions per heap region 1 cards per card region 8192
 CPUs: 4 total, 4 available
 Memory: 20355M
 Large Page Support: Disabled
 NUMA Support: Disabled
 Compressed Oops: Enabled (Zero based)
 Heap Region Size: 4M
 Heap Min Capacity: 8M
 Heap Initial Capacity: 320M
 Heap Max Capacity: 5092M
 Pre-touch: Disabled
 Parallel Workers: 4
 Concurrent Workers: 1
 Concurrent Refinement Workers: 4
 Periodic GC: Disabled
Heap:
 garbage-first heap   total 98304K, used 44068K [0x00000006c1c00000, 0x0000000800000000)
  region size 4096K, 5 young (20480K), 0 survivors (0K)
 Metaspace       used 78455K, committed 79296K, reserved 1179648K
  class space    used 10326K, committed 10688K, reserved 1048576K
GC Heap History (20 events):
Event: 5.636 GC heap before
{Heap before GC invocations=6 (full 0):
 garbage-first heap   total 69632K, used 46065K [0x00000006c1c00000, 0x0000000800000000)
  region size 4096K, 9 young (36864K), 2 survivors (8192K)
 Metaspace       used 31150K, committed 31616K, reserved 1114112K
  class space    used 3985K, committed 4224K, reserved 1048576K
}
Event: 5.649 GC heap after
{Heap after GC invocations=7 (full 0):
 garbage-first heap   total 69632K, used 19199K [0x00000006c1c00000, 0x0000000800000000)
  region size 4096K, 2 young (8192K), 2 survivors (8192K)
 Metaspace       used 31150K, committed 31616K, reserved 1114112K
  class space    used 3985K, committed 4224K, reserved 1048576K
}
Event: 6.503 GC heap before
{Heap before GC invocations=7 (full 0):
 garbage-first heap   total 69632K, used 35583K [0x00000006c1c00000, 0x0000000800000000)
  region size 4096K, 7 young (28672K), 2 survivors (8192K)
 Metaspace       used 35413K, committed 35968K, reserved 1114112K
  class space    used 4526K, committed 4800K, reserved 1048576K
}
Event: 6.513 GC heap after
{Heap after GC invocations=8 (full 0):
 garbage-first heap   total 69632K, used 21412K [0x00000006c1c00000, 0x0000000800000000)
  region size 4096K, 2 young (8192K), 2 survivors (8192K)
 Metaspace       used 35413K, committed 35968K, reserved 1114112K
  class space    used 4526K, committed 4800K, reserved 1048576K
}
Event: 8.112 GC heap before
{Heap before GC invocations=9 (full 0):
 garbage-first heap   total 69632K, used 50084K [0x00000006c1c00000, 0x0000000800000000)
  region size 4096K, 9 young (36864K), 2 survivors (8192K)
 Metaspace       used 46119K, committed 46784K, reserved 1114112K
  class space    used 5813K, committed 6080K, reserved 1048576K
}
Event: 8.121 GC heap after
{Heap after GC invocations=10 (full 0):
 garbage-first heap   total 69632K, used 24457K [0x00000006c1c00000, 0x0000000800000000)
  region size 4096K, 2 young (8192K), 2 survivors (8192K)
 Metaspace       used 46119K, committed 46784K, reserved 1114112K
  class space    used 5813K, committed 6080K, reserved 1048576K
}
Event: 9.013 GC heap before
{Heap before GC invocations=10 (full 0):
 garbage-first heap   total 69632K, used 49033K [0x00000006c1c00000, 0x0000000800000000)
  region size 4096K, 9 young (36864K), 2 survivors (8192K)
 Metaspace       used 53720K, committed 54400K, reserved 1114112K
  class space    used 6999K, committed 7296K, reserved 1048576K
}
Event: 9.028 GC heap after
{Heap after GC invocations=11 (full 0):
 garbage-first heap   total 73728K, used 25556K [0x00000006c1c00000, 0x0000000800000000)
  region size 4096K, 2 young (8192K), 2 survivors (8192K)
 Metaspace       used 53720K, committed 54400K, reserved 1114112K
  class space    used 6999K, committed 7296K, reserved 1048576K
}
Event: 9.660 GC heap before
{Heap before GC invocations=11 (full 0):
 garbage-first heap   total 73728K, used 41940K [0x00000006c1c00000, 0x0000000800000000)
  region size 4096K, 7 young (28672K), 2 survivors (8192K)
 Metaspace       used 59831K, committed 60480K, reserved 1114112K
  class space    used 7838K, committed 8128K, reserved 1048576K
}
Event: 9.667 GC heap after
{Heap after GC invocations=12 (full 0):
 garbage-first heap   total 73728K, used 27077K [0x00000006c1c00000, 0x0000000800000000)
  region size 4096K, 1 young (4096K), 1 survivors (4096K)
 Metaspace       used 59831K, committed 60480K, reserved 1114112K
  class space    used 7838K, committed 8128K, reserved 1048576K
}
Event: 10.642 GC heap before
{Heap before GC invocations=13 (full 0):
 garbage-first heap   total 73728K, used 59845K [0x00000006c1c00000, 0x0000000800000000)
  region size 4096K, 9 young (36864K), 1 survivors (4096K)
 Metaspace       used 66764K, committed 67456K, reserved 1114112K
  class space    used 8956K, committed 9280K, reserved 1048576K
}
Event: 10.651 GC heap after
{Heap after GC invocations=14 (full 0):
 garbage-first heap   total 73728K, used 28810K [0x00000006c1c00000, 0x0000000800000000)
  region size 4096K, 2 young (8192K), 2 survivors (8192K)
 Metaspace       used 66764K, committed 67456K, reserved 1114112K
  class space    used 8956K, committed 9280K, reserved 1048576K
}
Event: 12.671 GC heap before
{Heap before GC invocations=14 (full 0):
 garbage-first heap   total 73728K, used 57482K [0x00000006c1c00000, 0x0000000800000000)
  region size 4096K, 9 young (36864K), 2 survivors (8192K)
 Metaspace       used 71085K, committed 71872K, reserved 1114112K
  class space    used 9533K, committed 9856K, reserved 1048576K
}
Event: 12.680 GC heap after
{Heap after GC invocations=15 (full 0):
 garbage-first heap   total 200704K, used 31414K [0x00000006c1c00000, 0x0000000800000000)
  region size 4096K, 2 young (8192K), 2 survivors (8192K)
 Metaspace       used 71085K, committed 71872K, reserved 1114112K
  class space    used 9533K, committed 9856K, reserved 1048576K
}
Event: 104.353 GC heap before
{Heap before GC invocations=15 (full 0):
 garbage-first heap   total 200704K, used 47798K [0x00000006c1c00000, 0x0000000800000000)
  region size 4096K, 8 young (32768K), 2 survivors (8192K)
 Metaspace       used 76787K, committed 77568K, reserved 1179648K
  class space    used 10259K, committed 10624K, reserved 1048576K
}
Event: 104.419 GC heap after
{Heap after GC invocations=16 (full 1):
 garbage-first heap   total 122880K, used 27253K [0x00000006c1c00000, 0x0000000800000000)
  region size 4096K, 0 young (0K), 0 survivors (0K)
 Metaspace       used 76781K, committed 77568K, reserved 1179648K
  class space    used 10258K, committed 10624K, reserved 1048576K
}
Event: 110.296 GC heap before
{Heap before GC invocations=16 (full 1):
 garbage-first heap   total 122880K, used 92789K [0x00000006c1c00000, 0x0000000800000000)
  region size 4096K, 16 young (65536K), 0 survivors (0K)
 Metaspace       used 77555K, committed 78336K, reserved 1179648K
  class space    used 10303K, committed 10624K, reserved 1048576K
}
Event: 110.307 GC heap after
{Heap after GC invocations=17 (full 1):
 garbage-first heap   total 122880K, used 33976K [0x00000006c1c00000, 0x0000000800000000)
  region size 4096K, 2 young (8192K), 2 survivors (8192K)
 Metaspace       used 77555K, committed 78336K, reserved 1179648K
  class space    used 10303K, committed 10624K, reserved 1048576K
}
Event: 179.321 GC heap before
{Heap before GC invocations=17 (full 1):
 garbage-first heap   total 122880K, used 74936K [0x00000006c1c00000, 0x0000000800000000)
  region size 4096K, 13 young (53248K), 2 survivors (8192K)
 Metaspace       used 78399K, committed 79232K, reserved 1179648K
  class space    used 10325K, committed 10688K, reserved 1048576K
}
Event: 179.422 GC heap after
{Heap after GC invocations=18 (full 2):
 garbage-first heap   total 98304K, used 27684K [0x00000006c1c00000, 0x0000000800000000)
  region size 4096K, 0 young (0K), 0 survivors (0K)
 Metaspace       used 78386K, committed 79232K, reserved 1179648K
  class space    used 10323K, committed 10688K, reserved 1048576K
}

